# JRE version: Java(TM) SE Runtime Environment (8.0_191-b12) (build 1.8.0_191-b12)
# Java VM: Java HotSpot(TM) 64-Bit Server VM (25.191-b12 mixed mode bsd-amd64 compressed oops)
Heap:
 PSYoungGen      total 188928K, used 11259K [0x0000000795580000, 0x00000007a3e00000, 0x00000007c0000000)
  eden space 177664K, 0% used [0x0000000795580000,0x0000000795580000,0x00000007a0300000)
  from space 11264K, 99% used [0x00000007a1200000,0x00000007a1cfef58,0x00000007a1d00000)
  to   space 15360K, 0% used [0x00000007a0300000,0x00000007a0300000,0x00000007a1200000)
 ParOldGen       total 51712K, used 13775K [0x0000000740000000, 0x0000000743280000, 0x0000000795580000)
  object space 51712K, 26% used [0x0000000740000000,0x0000000740d73ec8,0x0000000743280000)
 Metaspace       used 33803K, capacity 35452K, committed 35496K, reserved 1079296K
  class space    used 4433K, capacity 4767K, committed 4776K, reserved 1048576K
GC Heap History (10 events):
Event: 1.148 GC heap after
Heap after GC invocations=5 (full 0):
 PSYoungGen      total 71680K, used 5104K [0x0000000795580000, 0x000000079e880000, 0x00000007c0000000)
  eden space 66560K, 0% used [0x0000000795580000,0x0000000795580000,0x0000000799680000)
  from space 5120K, 99% used [0x0000000799680000,0x0000000799b7c040,0x0000000799b80000)
  to   space 8704K, 0% used [0x000000079e000000,0x000000079e000000,0x000000079e880000)
 ParOldGen       total 87552K, used 5003K [0x0000000740000000, 0x0000000745580000, 0x0000000795580000)
  object space 87552K, 5% used [0x0000000740000000,0x00000007404e2db8,0x0000000745580000)
 Metaspace       used 20661K, capacity 21234K, committed 21296K, reserved 1067008K
  class space    used 2742K, capacity 2898K, committed 2944K, reserved 1048576K
}
Event: 1.148 GC heap before
{Heap before GC invocations=6 (full 1):
 PSYoungGen      total 71680K, used 5104K [0x0000000795580000, 0x000000079e880000, 0x00000007c0000000)
  eden space 66560K, 0% used [0x0000000795580000,0x0000000795580000,0x0000000799680000)
  from space 5120K, 99% used [0x0000000799680000,0x0000000799b7c040,0x0000000799b80000)
  to   space 8704K, 0% used [0x000000079e000000,0x000000079e000000,0x000000079e880000)
 ParOldGen       total 87552K, used 5003K [0x0000000740000000, 0x0000000745580000, 0x0000000795580000)
  object space 87552K, 5% used [0x0000000740000000,0x00000007404e2db8,0x0000000745580000)
 Metaspace       used 20661K, capacity 21234K, committed 21296K, reserved 1067008K
  class space    used 2742K, capacity 2898K, committed 2944K, reserved 1048576K
Event: 1.172 GC heap after
Heap after GC invocations=6 (full 1):
 PSYoungGen      total 71680K, used 0K [0x0000000795580000, 0x000000079e880000, 0x00000007c0000000)
  eden space 66560K, 0% used [0x0000000795580000,0x0000000795580000,0x0000000799680000)
  from space 5120K, 0% used [0x0000000799680000,0x0000000799680000,0x0000000799b80000)
  to   space 8704K, 0% used [0x000000079e000000,0x000000079e000000,0x000000079e880000)
 ParOldGen       total 51712K, used 5181K [0x0000000740000000, 0x0000000743280000, 0x0000000795580000)
  object space 51712K, 10% used [0x0000000740000000,0x000000074050f5b0,0x0000000743280000)
 Metaspace       used 20660K, capacity 21228K, committed 21296K, reserved 1067008K
  class space    used 2741K, capacity 2897K, committed 2944K, reserved 1048576K
}
Event: 1.406 GC heap before
{Heap before GC invocations=7 (full 1):
 PSYoungGen      total 71680K, used 66524K [0x0000000795580000, 0x000000079e880000, 0x00000007c0000000)
  eden space 66560K, 99% used [0x0000000795580000,0x0000000799677328,0x0000000799680000)
  from space 5120K, 0% used [0x0000000799680000,0x0000000799680000,0x0000000799b80000)
  to   space 8704K, 0% used [0x000000079e000000,0x000000079e000000,0x000000079e880000)
 ParOldGen       total 51712K, used 5181K [0x0000000740000000, 0x0000000743280000, 0x0000000795580000)
  object space 51712K, 10% used [0x0000000740000000,0x000000074050f5b0,0x0000000743280000)
 Metaspace       used 21941K, capacity 22716K, committed 22912K, reserved 1069056K
  class space    used 2923K, capacity 3145K, committed 3200K, reserved 1048576K
Event: 1.409 GC heap after
Heap after GC invocations=7 (full 1):
 PSYoungGen      total 115712K, used 3922K [0x0000000795580000, 0x000000079e400000, 0x00000007c0000000)
  eden space 111616K, 0% used [0x0000000795580000,0x0000000795580000,0x000000079c280000)
  from space 4096K, 95% used [0x000000079e000000,0x000000079e3d4bc8,0x000000079e400000)
  to   space 8704K, 0% used [0x000000079d300000,0x000000079d300000,0x000000079db80000)
 ParOldGen       total 51712K, used 5189K [0x0000000740000000, 0x0000000743280000, 0x0000000795580000)
  object space 51712K, 10% used [0x0000000740000000,0x00000007405115b0,0x0000000743280000)
 Metaspace       used 21941K, capacity 22716K, committed 22912K, reserved 1069056K
  class space    used 2923K, capacity 3145K, committed 3200K, reserved 1048576K
}
Event: 2.211 GC heap before
{Heap before GC invocations=8 (full 1):
 PSYoungGen      total 115712K, used 115538K [0x0000000795580000, 0x000000079e400000, 0x00000007c0000000)
  eden space 111616K, 100% used [0x0000000795580000,0x000000079c280000,0x000000079c280000)
  from space 4096K, 95% used [0x000000079e000000,0x000000079e3d4bc8,0x000000079e400000)
  to   space 8704K, 0% used [0x000000079d300000,0x000000079d300000,0x000000079db80000)
 ParOldGen       total 51712K, used 5189K [0x0000000740000000, 0x0000000743280000, 0x0000000795580000)
  object space 51712K, 10% used [0x0000000740000000,0x00000007405115b0,0x0000000743280000)
 Metaspace       used 27286K, capacity 28788K, committed 28928K, reserved 1075200K
  class space    used 3753K, capacity 4067K, committed 4096K, reserved 1048576K
Event: 2.221 GC heap after
Heap after GC invocations=8 (full 1):
 PSYoungGen      total 137216K, used 8677K [0x0000000795580000, 0x00000007a1d00000, 0x00000007c0000000)
  eden space 128512K, 0% used [0x0000000795580000,0x0000000795580000,0x000000079d300000)
  from space 8704K, 99% used [0x000000079d300000,0x000000079db796a8,0x000000079db80000)
  to   space 11264K, 0% used [0x00000007a1200000,0x00000007a1200000,0x00000007a1d00000)
 ParOldGen       total 51712K, used 7794K [0x0000000740000000, 0x0000000743280000, 0x0000000795580000)
  object space 51712K, 15% used [0x0000000740000000,0x000000074079c800,0x0000000743280000)
 Metaspace       used 27286K, capacity 28788K, committed 28928K, reserved 1075200K
  class space    used 3753K, capacity 4067K, committed 4096K, reserved 1048576K
}
Event: 2.727 GC heap before
{Heap before GC invocations=9 (full 1):
 PSYoungGen      total 137216K, used 130549K [0x0000000795580000, 0x00000007a1d00000, 0x00000007c0000000)
  eden space 128512K, 94% used [0x0000000795580000,0x000000079cc83fb8,0x000000079d300000)
  from space 8704K, 99% used [0x000000079d300000,0x000000079db796a8,0x000000079db80000)
  to   space 11264K, 0% used [0x00000007a1200000,0x00000007a1200000,0x00000007a1d00000)
 ParOldGen       total 51712K, used 7794K [0x0000000740000000, 0x0000000743280000, 0x0000000795580000)
  object space 51712K, 15% used [0x0000000740000000,0x000000074079c800,0x0000000743280000)
 Metaspace       used 33803K, capacity 35452K, committed 35496K, reserved 1079296K
  class space    used 4433K, capacity 4767K, committed 4776K, reserved 1048576K
Event: 2.741 GC heap after
Heap after GC invocations=9 (full 1):
 PSYoungGen      total 188928K, used 11259K [0x0000000795580000, 0x00000007a3e00000, 0x00000007c0000000)
  eden space 177664K, 0% used [0x0000000795580000,0x0000000795580000,0x00000007a0300000)
  from space 11264K, 99% used [0x00000007a1200000,0x00000007a1cfef58,0x00000007a1d00000)
  to   space 15360K, 0% used [0x00000007a0300000,0x00000007a0300000,0x00000007a1200000)
 ParOldGen       total 51712K, used 13775K [0x0000000740000000, 0x0000000743280000, 0x0000000795580000)
  object space 51712K, 26% used [0x0000000740000000,0x0000000740d73ec8,0x0000000743280000)
 Metaspace       used 33803K, capacity 35452K, committed 35496K, reserved 1079296K
  class space    used 4433K, capacity 4767K, committed 4776K, reserved 1048576K
}
Event: 2.741 GC heap before
{Heap before GC invocations=10 (full 2):
 PSYoungGen      total 188928K, used 11259K [0x0000000795580000, 0x00000007a3e00000, 0x00000007c0000000)
  eden space 177664K, 0% used [0x0000000795580000,0x0000000795580000,0x00000007a0300000)
  from space 11264K, 99% used [0x00000007a1200000,0x00000007a1cfef58,0x00000007a1d00000)
  to   space 15360K, 0% used [0x00000007a0300000,0x00000007a0300000,0x00000007a1200000)
 ParOldGen       total 51712K, used 13775K [0x0000000740000000, 0x0000000743280000, 0x0000000795580000)
  object space 51712K, 26% used [0x0000000740000000,0x0000000740d73ec8,0x0000000743280000)
 Metaspace       used 33803K, capacity 35452K, committed 35496K, reserved 1079296K
  class space    used 4433K, capacity 4767K, committed 4776K, reserved 1048576K

